<?xml version="1.0" encoding="UTF-8"?>
<!-- Generated by org.testng.reporters.JUnitXMLReporter -->
<testsuite ignored="2" hostname="AteeqZainab" failures="0" tests="2" name="RegressionTestOnChrome" time="12.627" errors="0" timestamp="2024-03-27T11:50:52 IST">
  <testcase classname="script.InvalidLogin" name="testInvalidLogin" time="1.026"/>
  <testcase classname="script.ValidLogin" name="testValidLogin" time="1.089"/>
  <testcase classname="generic.BaseTest" name="@BeforeSuite initReport" time="0.0">
    <ignored/>
  </testcase> <!-- @BeforeSuite initReport -->
  <testcase classname="generic.BaseTest" name="@AfterSuite publishReport" time="0.0">
    <ignored/>
  </testcase> <!-- @AfterSuite publishReport -->
</testsuite> <!-- RegressionTestOnChrome -->
